<?xml version="1.0" encoding="UTF-8"?>
<!-- Generated by org.testng.reporters.JUnitReportReporter -->
<testsuite hostname="LAPTOP-SJJG0JK4" failures="0" tests="3" name="com.CRM.Practice.Classes.PracticeForTestNG" time="8.678" errors="0" timestamp="2025-02-12T16:51:09 IST" skipped="0">
  <testcase classname="com.CRM.Practice.Classes.PracticeForTestNG" name="sampleMethod1" time="2.332"/>
  <testcase classname="com.CRM.Practice.Classes.PracticeForTestNG" name="sampleMethod2" time="2.592"/>
  <testcase classname="com.CRM.Practice.Classes.PracticeForTestNG" name="sampleMethod3" time="3.754"/>
</testsuite> <!-- com.CRM.Practice.Classes.PracticeForTestNG -->
