<?xml version="1.0" encoding="UTF-8"?>
<!-- Generated by org.testng.reporters.JUnitReportReporter -->
<testsuite hostname="LAPTOP-SJJG0JK4" failures="0" tests="1" name="com.CRM.Practice.Classes.PracticeForTestNGSampleClass" time="4.245" errors="0" timestamp="2025-02-12T16:51:09 IST" skipped="0">
  <testcase classname="com.CRM.Practice.Classes.PracticeForTestNGSampleClass" name="sampleMethod6" time="4.245"/>
</testsuite> <!-- com.CRM.Practice.Classes.PracticeForTestNGSampleClass -->
