<?xml version="1.0" encoding="UTF-8"?>
<!-- Generated by org.testng.reporters.JUnitReportReporter -->
<testsuite hostname="LAPTOP-SJJG0JK4" failures="0" tests="1" name="com.Vtiger.Practice.TestNG.CreateOrgWithIndustryTest" time="14.648" errors="0" timestamp="2025-02-11T22:42:24 IST" skipped="0">
  <testcase classname="com.Vtiger.Practice.TestNG.CreateOrgWithIndustryTest" name="createOrgWithIndustry" time="14.648"/>
</testsuite> <!-- com.Vtiger.Practice.TestNG.CreateOrgWithIndustryTest -->
