<?xml version="1.0" encoding="UTF-8"?>
<!-- Generated by org.testng.reporters.JUnitReportReporter -->
<testsuite hostname="LAPTOP-SJJG0JK4" failures="0" tests="3" name="com.Vtiger.PracticeORG.TestNG.DataProviderSimpleClass" time="0.019" errors="0" timestamp="2025-02-14T23:50:57 IST" skipped="0">
  <testcase classname="com.Vtiger.PracticeORG.TestNG.DataProviderSimpleClass" name="practiceSampleDataProvider" time="0.013"/>
  <testcase classname="com.Vtiger.PracticeORG.TestNG.DataProviderSimpleClass" name="practiceSampleDataProvider" time="0.002"/>
  <testcase classname="com.Vtiger.PracticeORG.TestNG.DataProviderSimpleClass" name="practiceSampleDataProvider" time="0.004"/>
</testsuite> <!-- com.Vtiger.PracticeORG.TestNG.DataProviderSimpleClass -->
